[INFO  - 2016-10-28T02:28:45.872Z] GhostDriver - Main - running on port 14965
[INFO  - 2016-10-28T02:28:46.235Z] Session [408ca980-9cb6-11e6-ab5e-11f32b259f8d] - page.settings - {"XSSAuditingEnabled":false,"javascriptCanCloseWindows":true,"javascriptCanOpenWindows":true,"javascriptEnabled":true,"loadImages":true,"localToRemoteUrlAccessEnabled":false,"userAgent":"Mozilla/5.0 (Unknown; Linux x86_64) AppleWebKit/538.1 (KHTML, like Gecko) PhantomJS/2.1.1 Safari/538.1","webSecurityEnabled":true}
[INFO  - 2016-10-28T02:28:46.235Z] Session [408ca980-9cb6-11e6-ab5e-11f32b259f8d] - page.customHeaders:  - {}
[INFO  - 2016-10-28T02:28:46.235Z] Session [408ca980-9cb6-11e6-ab5e-11f32b259f8d] - Session.negotiatedCapabilities - {"browserName":"phantomjs","version":"2.1.1","driverName":"ghostdriver","driverVersion":"1.2.0","platform":"linux-unknown-64bit","javascriptEnabled":true,"takesScreenshot":true,"handlesAlerts":false,"databaseEnabled":false,"locationContextEnabled":false,"applicationCacheEnabled":false,"browserConnectionEnabled":false,"cssSelectorsEnabled":true,"webStorageEnabled":false,"rotatable":false,"acceptSslCerts":false,"nativeEvents":true,"proxy":{"proxyType":"direct"}}
[INFO  - 2016-10-28T02:28:46.235Z] SessionManagerReqHand - _postNewSessionCommand - New Session Created: 408ca980-9cb6-11e6-ab5e-11f32b259f8d
[INFO  - 2016-10-28T02:28:47.067Z] ShutdownReqHand - _handle - About to shutdown
[INFO  - 2016-10-28T02:41:38.382Z] GhostDriver - Main - running on port 14922
[INFO  - 2016-10-28T02:41:38.570Z] Session [0ce57a60-9cb8-11e6-b1d3-cb6cb9a365dc] - page.settings - {"XSSAuditingEnabled":false,"javascriptCanCloseWindows":true,"javascriptCanOpenWindows":true,"javascriptEnabled":true,"loadImages":true,"localToRemoteUrlAccessEnabled":false,"userAgent":"Mozilla/5.0 (Unknown; Linux x86_64) AppleWebKit/538.1 (KHTML, like Gecko) PhantomJS/2.1.1 Safari/538.1","webSecurityEnabled":true}
[INFO  - 2016-10-28T02:41:38.571Z] Session [0ce57a60-9cb8-11e6-b1d3-cb6cb9a365dc] - page.customHeaders:  - {}
[INFO  - 2016-10-28T02:41:38.572Z] Session [0ce57a60-9cb8-11e6-b1d3-cb6cb9a365dc] - Session.negotiatedCapabilities - {"browserName":"phantomjs","version":"2.1.1","driverName":"ghostdriver","driverVersion":"1.2.0","platform":"linux-unknown-64bit","javascriptEnabled":true,"takesScreenshot":true,"handlesAlerts":false,"databaseEnabled":false,"locationContextEnabled":false,"applicationCacheEnabled":false,"browserConnectionEnabled":false,"cssSelectorsEnabled":true,"webStorageEnabled":false,"rotatable":false,"acceptSslCerts":false,"nativeEvents":true,"proxy":{"proxyType":"direct"}}
[INFO  - 2016-10-28T02:41:38.572Z] SessionManagerReqHand - _postNewSessionCommand - New Session Created: 0ce57a60-9cb8-11e6-b1d3-cb6cb9a365dc
[INFO  - 2016-10-28T02:41:39.197Z] ShutdownReqHand - _handle - About to shutdown
[INFO  - 2016-10-28T02:42:56.421Z] GhostDriver - Main - running on port 13165
[INFO  - 2016-10-28T02:42:56.568Z] Session [3b632e50-9cb8-11e6-bfad-8fdac2f45587] - page.settings - {"XSSAuditingEnabled":false,"javascriptCanCloseWindows":true,"javascriptCanOpenWindows":true,"javascriptEnabled":true,"loadImages":true,"localToRemoteUrlAccessEnabled":false,"userAgent":"Mozilla/5.0 (Unknown; Linux x86_64) AppleWebKit/538.1 (KHTML, like Gecko) PhantomJS/2.1.1 Safari/538.1","webSecurityEnabled":true}
[INFO  - 2016-10-28T02:42:56.568Z] Session [3b632e50-9cb8-11e6-bfad-8fdac2f45587] - page.customHeaders:  - {}
[INFO  - 2016-10-28T02:42:56.568Z] Session [3b632e50-9cb8-11e6-bfad-8fdac2f45587] - Session.negotiatedCapabilities - {"browserName":"phantomjs","version":"2.1.1","driverName":"ghostdriver","driverVersion":"1.2.0","platform":"linux-unknown-64bit","javascriptEnabled":true,"takesScreenshot":true,"handlesAlerts":false,"databaseEnabled":false,"locationContextEnabled":false,"applicationCacheEnabled":false,"browserConnectionEnabled":false,"cssSelectorsEnabled":true,"webStorageEnabled":false,"rotatable":false,"acceptSslCerts":false,"nativeEvents":true,"proxy":{"proxyType":"direct"}}
[INFO  - 2016-10-28T02:42:56.569Z] SessionManagerReqHand - _postNewSessionCommand - New Session Created: 3b632e50-9cb8-11e6-bfad-8fdac2f45587
[INFO  - 2016-10-28T02:42:57.235Z] ShutdownReqHand - _handle - About to shutdown
[INFO  - 2016-10-28T02:43:46.107Z] GhostDriver - Main - running on port 5497
[INFO  - 2016-10-28T02:43:46.217Z] Session [58fb0460-9cb8-11e6-bfb0-b5fe28c663cb] - page.settings - {"XSSAuditingEnabled":false,"javascriptCanCloseWindows":true,"javascriptCanOpenWindows":true,"javascriptEnabled":true,"loadImages":true,"localToRemoteUrlAccessEnabled":false,"userAgent":"Mozilla/5.0 (Unknown; Linux x86_64) AppleWebKit/538.1 (KHTML, like Gecko) PhantomJS/2.1.1 Safari/538.1","webSecurityEnabled":true}
[INFO  - 2016-10-28T02:43:46.217Z] Session [58fb0460-9cb8-11e6-bfb0-b5fe28c663cb] - page.customHeaders:  - {}
[INFO  - 2016-10-28T02:43:46.217Z] Session [58fb0460-9cb8-11e6-bfb0-b5fe28c663cb] - Session.negotiatedCapabilities - {"browserName":"phantomjs","version":"2.1.1","driverName":"ghostdriver","driverVersion":"1.2.0","platform":"linux-unknown-64bit","javascriptEnabled":true,"takesScreenshot":true,"handlesAlerts":false,"databaseEnabled":false,"locationContextEnabled":false,"applicationCacheEnabled":false,"browserConnectionEnabled":false,"cssSelectorsEnabled":true,"webStorageEnabled":false,"rotatable":false,"acceptSslCerts":false,"nativeEvents":true,"proxy":{"proxyType":"direct"}}
[INFO  - 2016-10-28T02:43:46.218Z] SessionManagerReqHand - _postNewSessionCommand - New Session Created: 58fb0460-9cb8-11e6-bfb0-b5fe28c663cb
[INFO  - 2016-10-28T02:43:46.772Z] ShutdownReqHand - _handle - About to shutdown
[INFO  - 2016-10-28T02:44:28.774Z] GhostDriver - Main - running on port 17091
[INFO  - 2016-10-28T02:44:28.921Z] Session [726efa50-9cb8-11e6-969d-d71c1909034a] - page.settings - {"XSSAuditingEnabled":false,"javascriptCanCloseWindows":true,"javascriptCanOpenWindows":true,"javascriptEnabled":true,"loadImages":true,"localToRemoteUrlAccessEnabled":false,"userAgent":"Mozilla/5.0 (Unknown; Linux x86_64) AppleWebKit/538.1 (KHTML, like Gecko) PhantomJS/2.1.1 Safari/538.1","webSecurityEnabled":true}
[INFO  - 2016-10-28T02:44:28.929Z] Session [726efa50-9cb8-11e6-969d-d71c1909034a] - page.customHeaders:  - {}
[INFO  - 2016-10-28T02:44:28.950Z] Session [726efa50-9cb8-11e6-969d-d71c1909034a] - Session.negotiatedCapabilities - {"browserName":"phantomjs","version":"2.1.1","driverName":"ghostdriver","driverVersion":"1.2.0","platform":"linux-unknown-64bit","javascriptEnabled":true,"takesScreenshot":true,"handlesAlerts":false,"databaseEnabled":false,"locationContextEnabled":false,"applicationCacheEnabled":false,"browserConnectionEnabled":false,"cssSelectorsEnabled":true,"webStorageEnabled":false,"rotatable":false,"acceptSslCerts":false,"nativeEvents":true,"proxy":{"proxyType":"direct"}}
[INFO  - 2016-10-28T02:44:28.951Z] SessionManagerReqHand - _postNewSessionCommand - New Session Created: 726efa50-9cb8-11e6-969d-d71c1909034a
[INFO  - 2016-10-28T02:44:29.520Z] ShutdownReqHand - _handle - About to shutdown
